[17:00:35] [ServerMain/INFO]: [bootstrap] Running Java 21 (OpenJDK 64-Bit Server VM 21.0.5+11-LTS; Eclipse Adoptium Temurin-21.0.5+11) on Windows 11 10.0 (amd64)
[17:00:35] [ServerMain/INFO]: [bootstrap] Loading Paper 1.21.3-81-master@da71382 (2024-12-03T14:58:13Z) for Minecraft 1.21.3
[17:00:36] [ServerMain/INFO]: [PluginInitializerManager] Initializing plugins...
[17:00:37] [ServerMain/INFO]: [PluginInitializerManager] Initialized 2 plugins
[17:00:37] [ServerMain/INFO]: [PluginInitializerManager] Bukkit plugins (2):
 - ImageFrame (1.7.12.0), SkinsRestorer (15.5.0)
[17:00:42] [ServerMain/INFO]: Environment: Environment[sessionHost=https://sessionserver.mojang.com, servicesHost=https://api.minecraftservices.com, name=PROD]
[17:00:46] [ServerMain/INFO]: Loaded 1337 recipes
[17:00:46] [ServerMain/INFO]: Loaded 1448 advancements
[17:00:46] [Server thread/INFO]: Starting minecraft server version 1.21.3
[17:00:46] [Server thread/INFO]: Loading properties
[17:00:46] [Server thread/INFO]: This server is running Paper version 1.21.3-81-master@da71382 (2024-12-03T14:58:13Z) (Implementing API version 1.21.3-R0.1-SNAPSHOT)
[17:00:47] [Server thread/INFO]: [spark] This server bundles the spark profiler. For more information please visit https://docs.papermc.io/paper/profiling
[17:00:47] [Server thread/INFO]: Server Ping Player Sample Count: 12
[17:00:47] [Server thread/INFO]: Using 4 threads for Netty based IO
[17:00:48] [Server thread/INFO]: [MoonriseCommon] Paper is using 3 worker threads, 1 I/O threads
[17:00:48] [Server thread/INFO]: [ChunkTaskScheduler] Chunk system is using population gen parallelism: true
[17:00:49] [Server thread/INFO]: Default game type: SURVIVAL
[17:00:49] [Server thread/INFO]: Generating keypair
[17:00:49] [Server thread/INFO]: Starting Minecraft server on *:25565
[17:00:49] [Server thread/INFO]: Using default channel type
[17:00:49] [Server thread/INFO]: Paper: Using Java compression from Velocity.
[17:00:49] [Server thread/INFO]: Paper: Using Java cipher from Velocity.
[17:00:49] [Server thread/INFO]: [SkinsRestorer] Loading server plugin SkinsRestorer v15.5.0
[17:00:49] [Server thread/INFO]: [ImageFrame] Loading server plugin ImageFrame v1.7.12.0
[17:00:49] [Server thread/INFO]: Server permissions file permissions.yml is empty, ignoring it
[17:00:49] [Server thread/INFO]: [SkinsRestorer] Enabling SkinsRestorer v15.5.0
[17:00:50] [Server thread/WARN]: [SkinsRestorer] You must agree to the rules at 'commands.perSkinPermissionsConsent' in the config to use per skin permissions.
[17:00:51] [Server thread/INFO]: [SkinsRestorer] Running on Minecraft 1.21.3.
[17:00:52] [Server thread/INFO]: [SkinsRestorer] Using paper join listener!
[17:00:52] [Server thread/WARN]: **** SERVER IS RUNNING IN OFFLINE/INSECURE MODE!
[17:00:52] [Server thread/WARN]: The server will make no attempt to authenticate usernames. Beware.
[17:00:52] [Server thread/WARN]: While this makes the game possible to play without internet access, it also opens up the ability for hackers to connect with any username they choose.
[17:00:52] [Server thread/WARN]: To change this, set "online-mode" to "true" in the server.properties file.
[17:00:52] [Server thread/INFO]: Preparing level "world"
[17:00:52] [Server thread/INFO]: Preparing start region for dimension minecraft:overworld
[17:00:53] [Server thread/INFO]: Preparing spawn area: 0%
[17:00:53] [Paper Common Worker #2/INFO]: [MCTypeRegistry] Initialising converters for DataConverter...
[17:00:53] [Folia Async Scheduler Thread #1/INFO]: [SkinsRestorer] ----------------------------------------------
[17:00:53] [Folia Async Scheduler Thread #1/INFO]: [SkinsRestorer]     +==================+
[17:00:53] [Folia Async Scheduler Thread #1/INFO]: [SkinsRestorer]     |   SkinsRestorer  |
[17:00:53] [Folia Async Scheduler Thread #1/INFO]: [SkinsRestorer]     |------------------|
[17:00:53] [Folia Async Scheduler Thread #1/INFO]: [SkinsRestorer]     |  Standalone Mode |
[17:00:53] [Folia Async Scheduler Thread #1/INFO]: [SkinsRestorer]     +==================+
[17:00:53] [Folia Async Scheduler Thread #1/INFO]: [SkinsRestorer] ----------------------------------------------
[17:00:53] [Folia Async Scheduler Thread #1/INFO]: [SkinsRestorer]     Version: 15.5.0
[17:00:53] [Folia Async Scheduler Thread #1/INFO]: [SkinsRestorer]     Commit: ad418e4
[17:00:53] [Folia Async Scheduler Thread #1/INFO]: [SkinsRestorer]     This is the latest version!
[17:00:53] [Folia Async Scheduler Thread #1/INFO]: [SkinsRestorer] ----------------------------------------------
[17:00:53] [Folia Async Scheduler Thread #1/INFO]: [SkinsRestorer] Do you have issues? Read our troubleshooting guide: https://skinsrestorer.net/docs/troubleshooting
[17:00:53] [Folia Async Scheduler Thread #1/INFO]: [SkinsRestorer] Want to support SkinsRestorer? Consider donating: https://skinsrestorer.net/donate
[17:00:53] [Paper Common Worker #2/INFO]: [MCTypeRegistry] Finished initialising converters for DataConverter in 330.9ms
[17:00:53] [Server thread/INFO]: Preparing spawn area: 4%
[17:00:54] [Server thread/INFO]: Preparing spawn area: 77%
[17:00:54] [Server thread/INFO]: Time elapsed: 1258 ms
[17:00:54] [Server thread/INFO]: Preparing start region for dimension minecraft:the_nether
[17:00:54] [Server thread/INFO]: Preparing spawn area: 0%
[17:00:54] [Server thread/INFO]: Time elapsed: 172 ms
[17:00:54] [Server thread/INFO]: Preparing start region for dimension minecraft:the_end
[17:00:54] [Server thread/INFO]: Preparing spawn area: 0%
[17:00:54] [Server thread/INFO]: Time elapsed: 111 ms
[17:00:54] [Server thread/INFO]: [ImageFrame] Enabling ImageFrame v1.7.12.0
[17:00:54] [Server thread/INFO]: [ImageFrame] ImageFrame has been Enabled!
[17:00:55] [Server thread/INFO]: [spark] Starting background profiler...
[17:00:55] [Server thread/INFO]: [spark] The async-profiler engine is not supported for your os/arch (windows11/amd64), so the built-in Java engine will be used instead.
[17:00:55] [Server thread/INFO]: Done preparing level "world" (2.977s)
[17:00:55] [Server thread/INFO]: Running delayed init tasks
[17:00:55] [Server thread/INFO]: Done (20.809s)! For help, type "help"
[17:00:55] [Craft Scheduler Thread - 0 - ImageFrame/INFO]: [ImageFrame] Data loading completed! Loaded 0 ImageMaps!
[17:58:54] [User Authenticator #0/INFO]: UUID of player NarutoUzumaki is 7f2d7071-0a60-36f7-9684-b81564a33484
[17:58:55] [Server thread/INFO]: NarutoUzumaki joined the game
[17:58:55] [Server thread/INFO]: NarutoUzumaki[/127.48.108.248:2257] logged in with entity id 45 at ([world]-385.62689869174955, 76.0, -386.6005791549925)
[17:59:10] [Server thread/INFO]: NarutoUzumaki lost connection: Disconnected
[17:59:10] [Server thread/INFO]: NarutoUzumaki left the game
[18:00:42] [User Authenticator #1/INFO]: UUID of player NarutoUzumaki is 7f2d7071-0a60-36f7-9684-b81564a33484
[18:00:42] [Server thread/INFO]: NarutoUzumaki joined the game
[18:00:42] [Server thread/INFO]: NarutoUzumaki[/127.48.108.248:2293] logged in with entity id 306 at ([world]-385.62689869174955, 76.0, -386.6005791549925)
[18:05:39] [Server thread/INFO]: NarutoUzumaki was shot by Skeleton
[18:06:18] [User Authenticator #2/INFO]: UUID of player LurkingMango is 388c4321-44ad-3c73-9b3c-c45754348ad6
[18:06:18] [Server thread/INFO]: LurkingMango joined the game
[18:06:18] [Server thread/INFO]: LurkingMango[/127.0.0.1:2508] logged in with entity id 1522 at ([world]-373.37205320155897, 87.0, -412.32311917493394)
[18:06:59] [Server thread/WARN]: NarutoUzumaki moved too quickly! -12.805915225268834,-3.0,16.75229307243221
[18:07:18] [Server thread/INFO]: NarutoUzumaki lost connection: Timed out
[18:07:18] [Server thread/INFO]: NarutoUzumaki left the game
[18:07:29] [User Authenticator #3/INFO]: UUID of player NarutoUzumaki is 7f2d7071-0a60-36f7-9684-b81564a33484
[18:07:30] [Server thread/INFO]: NarutoUzumaki joined the game
[18:07:30] [Server thread/INFO]: NarutoUzumaki[/127.48.108.248:2524] logged in with entity id 2143 at ([world]-96.15058181760375, 67.0, 89.28796111304774)
[18:08:39] [Server thread/INFO]: LurkingMango issued server command: /teleport NarutoUzumaki -381 78 -400
[18:08:39] [Server thread/INFO]: [LurkingMango: Teleported NarutoUzumaki to -380.500000, 78.000000, -399.500000]
[18:09:39] [Server thread/INFO]: LurkingMango issued server command: /teleport LurkingMango -381 78 -400
[18:09:39] [Server thread/INFO]: [LurkingMango: Teleported LurkingMango to -380.500000, 78.000000, -399.500000]
[18:09:46] [Server thread/INFO]: LurkingMango issued server command: /teleport LurkingMango NarutoUzumaki
[18:09:46] [Server thread/INFO]: [LurkingMango: Teleported LurkingMango to NarutoUzumaki]
[18:10:38] [Server thread/INFO]: NarutoUzumaki was shot by Skeleton
[18:11:07] [Server thread/INFO]: LurkingMango issued server command: /teleport NarutoUzumaki LurkingMango
[18:11:07] [Server thread/INFO]: [LurkingMango: Teleported NarutoUzumaki to LurkingMango]
[18:20:05] [Server thread/INFO]: LurkingMango issued server command: /teleport LurkingMango NarutoUzumaki
[18:20:05] [Server thread/INFO]: [LurkingMango: Teleported LurkingMango to NarutoUzumaki]
[18:27:53] [Server thread/INFO]: NarutoUzumaki lost connection: Timed out
[18:27:53] [Server thread/INFO]: NarutoUzumaki left the game
[18:28:09] [User Authenticator #4/INFO]: UUID of player NarutoUzumaki is 7f2d7071-0a60-36f7-9684-b81564a33484
[18:28:10] [Server thread/INFO]: NarutoUzumaki joined the game
[18:28:10] [Server thread/INFO]: NarutoUzumaki[/127.48.108.248:2701] logged in with entity id 6196 at ([world]-379.96138270157223, 78.9375, -400.698080746086)
[18:56:38] [Server thread/INFO]: NarutoUzumaki lost connection: Timed out
[18:56:38] [Server thread/INFO]: NarutoUzumaki left the game
[18:56:47] [User Authenticator #5/INFO]: UUID of player NarutoUzumaki is 7f2d7071-0a60-36f7-9684-b81564a33484
[18:56:49] [Server thread/INFO]: NarutoUzumaki joined the game
[18:56:49] [Server thread/INFO]: NarutoUzumaki[/127.48.108.248:2866] logged in with entity id 11077 at ([world]-388.2690444664154, 78.0, -413.66596989669387)
[19:13:47] [Server thread/INFO]: LurkingMango issued server command: /skin url "https://namemc.com/skin/4febbfc99fc9fdf4"
[19:14:28] [Server thread/INFO]: LurkingMango issued server command: /skin url ":https://namemc.com/skin/4febbfc99fc9fdf4"
[19:14:53] [Server thread/INFO]: LurkingMango has made the advancement [Not Today, Thank You]
[19:15:54] [Server thread/INFO]: LurkingMango issued server command: /difficulty
[19:15:58] [Server thread/INFO]: LurkingMango issued server command: /difficulty easy
[19:15:58] [Server thread/INFO]: [LurkingMango: The difficulty has been set to Easy]
[19:28:34] [Server thread/INFO]: NarutoUzumaki lost connection: Timed out
[19:28:34] [Server thread/INFO]: NarutoUzumaki left the game
[19:28:50] [User Authenticator #6/INFO]: UUID of player NarutoUzumaki is 7f2d7071-0a60-36f7-9684-b81564a33484
[19:29:11] [Server thread/INFO]: NarutoUzumaki joined the game
[19:29:11] [Server thread/INFO]: NarutoUzumaki[/127.48.108.248:2989] logged in with entity id 15449 at ([world]-480.69999998807907, -1.0, -387.41561486915754)
[19:32:40] [Server thread/INFO]: LurkingMango suffocated in a wall
[19:33:39] [Server thread/INFO]: LurkingMango issued server command: /teleport LurkingMango -396 90 -390
[19:33:39] [Server thread/INFO]: [LurkingMango: Teleported LurkingMango to -395.500000, 90.000000, -389.500000]
[19:40:52] [Folia Async Scheduler Thread Timer/INFO]: [SkinsRestorer] ----------------------------------------------
[19:40:52] [Folia Async Scheduler Thread Timer/INFO]: [SkinsRestorer]     +==================+
[19:40:52] [Folia Async Scheduler Thread Timer/INFO]: [SkinsRestorer]     |   SkinsRestorer  |
[19:40:52] [Folia Async Scheduler Thread Timer/INFO]: [SkinsRestorer]     |------------------|
[19:40:52] [Folia Async Scheduler Thread Timer/INFO]: [SkinsRestorer]     |  Standalone Mode |
[19:40:52] [Folia Async Scheduler Thread Timer/INFO]: [SkinsRestorer]     +==================+
[19:40:52] [Folia Async Scheduler Thread Timer/INFO]: [SkinsRestorer] ----------------------------------------------
[19:40:52] [Folia Async Scheduler Thread Timer/INFO]: [SkinsRestorer]     Version: 15.5.0
[19:40:52] [Folia Async Scheduler Thread Timer/INFO]: [SkinsRestorer]     Commit: ad418e4
[19:40:52] [Folia Async Scheduler Thread Timer/INFO]: [SkinsRestorer]     A new version (15.5.1) is available! Downloading update...
[19:40:52] [Folia Async Scheduler Thread Timer/INFO]: [SkinsRestorer] ----------------------------------------------
[19:40:52] [Folia Async Scheduler Thread Timer/INFO]: [SkinsRestorer] Do you have issues? Read our troubleshooting guide: https://skinsrestorer.net/docs/troubleshooting
[19:40:52] [Folia Async Scheduler Thread Timer/INFO]: [SkinsRestorer] Want to support SkinsRestorer? Consider donating: https://skinsrestorer.net/donate
[19:40:52] [Folia Async Scheduler Thread Timer/INFO]: [SkinsRestorer] [GitHubUpdate] Downloading update...
[19:41:00] [Folia Async Scheduler Thread Timer/INFO]: [SkinsRestorer] [GitHubUpdate] Downloaded update in 7599ms
[19:41:00] [Folia Async Scheduler Thread Timer/INFO]: [SkinsRestorer] [GitHubUpdate] Update saved as SkinsRestorer (4).jar
[19:41:00] [Folia Async Scheduler Thread Timer/INFO]: [SkinsRestorer] [GitHubUpdate] The update will be loaded on the next server restart
[19:43:33] [Server thread/INFO]: NarutoUzumaki lost connection: Disconnected
[19:43:33] [Server thread/INFO]: NarutoUzumaki left the game
[19:45:04] [Server thread/INFO]: LurkingMango lost connection: Disconnected
[19:45:04] [Server thread/INFO]: LurkingMango left the game
[19:45:26] [Server thread/INFO]: Stopping the server
[19:45:26] [Server thread/INFO]: Stopping server
[19:45:26] [Server thread/INFO]: [ImageFrame] Disabling ImageFrame v1.7.12.0
[19:45:26] [Server thread/INFO]: [ImageFrame] ImageFrame has been Disabled!
[19:45:26] [Server thread/INFO]: [SkinsRestorer] Disabling SkinsRestorer v15.5.0
[19:45:26] [Server thread/INFO]: Saving players
[19:45:26] [Server thread/INFO]: Saving worlds
[19:45:26] [Server thread/INFO]: Saving chunks for level 'ServerLevel[world]'/minecraft:overworld
[19:45:26] [Server thread/INFO]: [ChunkHolderManager] Waiting 60s for chunk system to halt for world 'world'
[19:45:26] [Server thread/INFO]: [ChunkHolderManager] Halted chunk system for world 'world'
[19:45:26] [Server thread/INFO]: [ChunkHolderManager] Saving all chunkholders for world 'world'
[19:45:26] [Server thread/INFO]: [ChunkHolderManager] Saved 0 block chunks, 80 entity chunks, 0 poi chunks in world 'world' in 0.05s
[19:45:26] [Server thread/INFO]: [ChunkHolderManager] Waiting 60s for chunk I/O to halt for world 'world'
[19:45:26] [Server thread/INFO]: [ChunkHolderManager] Halted I/O scheduler for world 'world'
[19:45:27] [Server thread/INFO]: Saving chunks for level 'ServerLevel[world_nether]'/minecraft:the_nether
[19:45:27] [Server thread/INFO]: [ChunkHolderManager] Waiting 60s for chunk system to halt for world 'world_nether'
[19:45:27] [Server thread/INFO]: [ChunkHolderManager] Halted chunk system for world 'world_nether'
[19:45:27] [Server thread/INFO]: [ChunkHolderManager] Saving all chunkholders for world 'world_nether'
[19:45:27] [Server thread/INFO]: [ChunkHolderManager] Saved 0 block chunks, 14 entity chunks, 0 poi chunks in world 'world_nether' in 0.03s
[19:45:27] [Server thread/INFO]: [ChunkHolderManager] Waiting 60s for chunk I/O to halt for world 'world_nether'
[19:45:27] [Server thread/INFO]: [ChunkHolderManager] Halted I/O scheduler for world 'world_nether'
[19:45:27] [Server thread/INFO]: Saving chunks for level 'ServerLevel[world_the_end]'/minecraft:the_end
[19:45:27] [Server thread/INFO]: [ChunkHolderManager] Waiting 60s for chunk system to halt for world 'world_the_end'
[19:45:27] [Server thread/INFO]: [ChunkHolderManager] Halted chunk system for world 'world_the_end'
[19:45:27] [Server thread/INFO]: [ChunkHolderManager] Saving all chunkholders for world 'world_the_end'
[19:45:27] [Server thread/INFO]: [ChunkHolderManager] Saved 0 block chunks, 10 entity chunks, 0 poi chunks in world 'world_the_end' in 0.02s
[19:45:27] [Server thread/INFO]: [ChunkHolderManager] Waiting 60s for chunk I/O to halt for world 'world_the_end'
[19:45:27] [Server thread/INFO]: [ChunkHolderManager] Halted I/O scheduler for world 'world_the_end'
[19:45:27] [Server thread/INFO]: ThreadedAnvilChunkStorage (world): All chunks are saved
[19:45:27] [Server thread/INFO]: ThreadedAnvilChunkStorage (DIM-1): All chunks are saved
[19:45:27] [Server thread/INFO]: ThreadedAnvilChunkStorage (DIM1): All chunks are saved
[19:45:27] [Server thread/INFO]: ThreadedAnvilChunkStorage: All dimensions are saved
[19:45:27] [Server thread/INFO]: Waiting for I/O tasks to complete...
[19:45:27] [Server thread/INFO]: All I/O tasks to complete
[19:45:27] [Server thread/INFO]: [MoonriseCommon] Awaiting termination of worker pool for up to 60s...
[19:45:27] [Server thread/INFO]: [MoonriseCommon] Awaiting termination of I/O pool for up to 60s...
